<?xml version="1.0" encoding="UTF-8"?>
<testng-results skipped="0" failed="0" ignored="0" total="3" passed="3">
  <reporter-output>
  </reporter-output>
  <suite name="Suite" duration-ms="10846" started-at="2021-11-09T07:09:54Z" finished-at="2021-11-09T07:10:05Z">
    <groups>
    </groups>
    <test name="Test" duration-ms="10846" started-at="2021-11-09T07:09:54Z" finished-at="2021-11-09T07:10:05Z">
      <class name="test.LoginTest">
        <test-method status="PASS" signature="ReportSteup()[pri:0, instance:test.LoginTest@2a742aa2]" name="ReportSteup" is-config="true" duration-ms="521" started-at="2021-11-09T07:09:54Z" finished-at="2021-11-09T07:09:55Z">
          <reporter-output>
          </reporter-output>
        </test-method> <!-- ReportSteup -->
        <test-method status="PASS" signature="setup()[pri:0, instance:test.LoginTest@2a742aa2]" name="setup" is-config="true" duration-ms="1426" started-at="2021-11-09T07:09:55Z" finished-at="2021-11-09T07:09:56Z">
          <reporter-output>
          </reporter-output>
        </test-method> <!-- setup -->
        <test-method status="PASS" signature="ExcelTest()[pri:0, instance:test.LoginTest@2a742aa2]" name="ExcelTest" duration-ms="1418" started-at="2021-11-09T07:09:56Z" finished-at="2021-11-09T07:09:57Z">
          <reporter-output>
          </reporter-output>
        </test-method> <!-- ExcelTest -->
        <test-method status="PASS" signature="teardown()[pri:0, instance:test.LoginTest@2a742aa2]" name="teardown" is-config="true" duration-ms="68" started-at="2021-11-09T07:09:57Z" finished-at="2021-11-09T07:09:57Z">
          <reporter-output>
          </reporter-output>
        </test-method> <!-- teardown -->
        <test-method status="PASS" signature="setup()[pri:0, instance:test.LoginTest@2a742aa2]" name="setup" is-config="true" duration-ms="1336" started-at="2021-11-09T07:09:57Z" finished-at="2021-11-09T07:09:59Z">
          <reporter-output>
          </reporter-output>
        </test-method> <!-- setup -->
        <test-method status="PASS" signature="NegativeLogin(java.lang.String, java.lang.String)[pri:0, instance:test.LoginTest@2a742aa2]" name="NegativeLogin" duration-ms="3111" started-at="2021-11-09T07:09:59Z" finished-at="2021-11-09T07:10:02Z">
          <params>
            <param index="0">
              <value>
                <![CDATA[devesh@gmail.com]]>
              </value>
            </param>
            <param index="1">
              <value>
                <![CDATA[@DEV123gh]]>
              </value>
            </param>
          </params>
          <reporter-output>
          </reporter-output>
        </test-method> <!-- NegativeLogin -->
        <test-method status="PASS" signature="teardown()[pri:0, instance:test.LoginTest@2a742aa2]" name="teardown" is-config="true" duration-ms="68" started-at="2021-11-09T07:10:02Z" finished-at="2021-11-09T07:10:02Z">
          <reporter-output>
          </reporter-output>
        </test-method> <!-- teardown -->
        <test-method status="PASS" signature="setup()[pri:0, instance:test.LoginTest@2a742aa2]" name="setup" is-config="true" duration-ms="1143" started-at="2021-11-09T07:10:02Z" finished-at="2021-11-09T07:10:03Z">
          <reporter-output>
          </reporter-output>
        </test-method> <!-- setup -->
        <test-method status="PASS" signature="PositiveLogin(java.lang.String, java.lang.String)[pri:0, instance:test.LoginTest@2a742aa2]" name="PositiveLogin" duration-ms="1464" started-at="2021-11-09T07:10:03Z" finished-at="2021-11-09T07:10:05Z">
          <params>
            <param index="0">
              <value>
                <![CDATA[devesh@gmail.com]]>
              </value>
            </param>
            <param index="1">
              <value>
                <![CDATA[@DEV123gh]]>
              </value>
            </param>
          </params>
          <reporter-output>
          </reporter-output>
        </test-method> <!-- PositiveLogin -->
        <test-method status="PASS" signature="teardown()[pri:0, instance:test.LoginTest@2a742aa2]" name="teardown" is-config="true" duration-ms="69" started-at="2021-11-09T07:10:05Z" finished-at="2021-11-09T07:10:05Z">
          <reporter-output>
          </reporter-output>
        </test-method> <!-- teardown -->
        <test-method status="PASS" signature="ReportTearDown()[pri:0, instance:test.LoginTest@2a742aa2]" name="ReportTearDown" is-config="true" duration-ms="210" started-at="2021-11-09T07:10:05Z" finished-at="2021-11-09T07:10:05Z">
          <reporter-output>
          </reporter-output>
        </test-method> <!-- ReportTearDown -->
      </class> <!-- test.LoginTest -->
    </test> <!-- Test -->
  </suite> <!-- Suite -->
</testng-results>
