<?xml version="1.0" encoding="UTF-8"?>
<testng-results skipped="0" failed="0" ignored="0" total="3" passed="3">
  <reporter-output>
  </reporter-output>
  <suite name="Suite" duration-ms="14949" started-at="2021-11-11T04:14:21Z" finished-at="2021-11-11T04:14:36Z">
    <groups>
    </groups>
    <test name="Test" duration-ms="14949" started-at="2021-11-11T04:14:21Z" finished-at="2021-11-11T04:14:36Z">
      <class name="test.LoginTest">
        <test-method status="PASS" signature="ReportSteup()[pri:0, instance:test.LoginTest@2a742aa2]" name="ReportSteup" is-config="true" duration-ms="847" started-at="2021-11-11T04:14:21Z" finished-at="2021-11-11T04:14:22Z">
          <reporter-output>
          </reporter-output>
        </test-method> <!-- ReportSteup -->
        <test-method status="PASS" signature="setup()[pri:0, instance:test.LoginTest@2a742aa2]" name="setup" is-config="true" duration-ms="1835" started-at="2021-11-11T04:14:22Z" finished-at="2021-11-11T04:14:24Z">
          <reporter-output>
          </reporter-output>
        </test-method> <!-- setup -->
        <test-method status="PASS" signature="ExcelTest()[pri:0, instance:test.LoginTest@2a742aa2]" name="ExcelTest" duration-ms="2651" started-at="2021-11-11T04:14:24Z" finished-at="2021-11-11T04:14:27Z">
          <reporter-output>
          </reporter-output>
        </test-method> <!-- ExcelTest -->
        <test-method status="PASS" signature="teardown()[pri:0, instance:test.LoginTest@2a742aa2]" name="teardown" is-config="true" duration-ms="68" started-at="2021-11-11T04:14:27Z" finished-at="2021-11-11T04:14:27Z">
          <reporter-output>
          </reporter-output>
        </test-method> <!-- teardown -->
        <test-method status="PASS" signature="setup()[pri:0, instance:test.LoginTest@2a742aa2]" name="setup" is-config="true" duration-ms="1479" started-at="2021-11-11T04:14:27Z" finished-at="2021-11-11T04:14:28Z">
          <reporter-output>
          </reporter-output>
        </test-method> <!-- setup -->
        <test-method status="PASS" signature="NegativeLogin(java.lang.String, java.lang.String)[pri:0, instance:test.LoginTest@2a742aa2]" name="NegativeLogin" duration-ms="3130" started-at="2021-11-11T04:14:28Z" finished-at="2021-11-11T04:14:31Z">
          <params>
            <param index="0">
              <value>
                <![CDATA[devesh@gmail.com]]>
              </value>
            </param>
            <param index="1">
              <value>
                <![CDATA[@DEV123gh]]>
              </value>
            </param>
          </params>
          <reporter-output>
          </reporter-output>
        </test-method> <!-- NegativeLogin -->
        <test-method status="PASS" signature="teardown()[pri:0, instance:test.LoginTest@2a742aa2]" name="teardown" is-config="true" duration-ms="68" started-at="2021-11-11T04:14:31Z" finished-at="2021-11-11T04:14:32Z">
          <reporter-output>
          </reporter-output>
        </test-method> <!-- teardown -->
        <test-method status="PASS" signature="setup()[pri:0, instance:test.LoginTest@2a742aa2]" name="setup" is-config="true" duration-ms="1418" started-at="2021-11-11T04:14:32Z" finished-at="2021-11-11T04:14:33Z">
          <reporter-output>
          </reporter-output>
        </test-method> <!-- setup -->
        <test-method status="PASS" signature="PositiveLogin(java.lang.String, java.lang.String)[pri:0, instance:test.LoginTest@2a742aa2]" name="PositiveLogin" duration-ms="3109" started-at="2021-11-11T04:14:33Z" finished-at="2021-11-11T04:14:36Z">
          <params>
            <param index="0">
              <value>
                <![CDATA[devesh@gmail.com]]>
              </value>
            </param>
            <param index="1">
              <value>
                <![CDATA[@DEV123gh]]>
              </value>
            </param>
          </params>
          <reporter-output>
          </reporter-output>
        </test-method> <!-- PositiveLogin -->
        <test-method status="PASS" signature="teardown()[pri:0, instance:test.LoginTest@2a742aa2]" name="teardown" is-config="true" duration-ms="73" started-at="2021-11-11T04:14:36Z" finished-at="2021-11-11T04:14:36Z">
          <reporter-output>
          </reporter-output>
        </test-method> <!-- teardown -->
        <test-method status="PASS" signature="ReportTearDown()[pri:0, instance:test.LoginTest@2a742aa2]" name="ReportTearDown" is-config="true" duration-ms="256" started-at="2021-11-11T04:14:36Z" finished-at="2021-11-11T04:14:36Z">
          <reporter-output>
          </reporter-output>
        </test-method> <!-- ReportTearDown -->
      </class> <!-- test.LoginTest -->
    </test> <!-- Test -->
  </suite> <!-- Suite -->
</testng-results>
