<?xml version="1.0" encoding="UTF-8"?>
<testng-results skipped="0" failed="0" ignored="0" total="3" passed="3">
  <reporter-output>
  </reporter-output>
  <suite name="Suite" duration-ms="11647" started-at="2021-11-09T04:42:38Z" finished-at="2021-11-09T04:42:49Z">
    <groups>
    </groups>
    <test name="Test" duration-ms="11647" started-at="2021-11-09T04:42:38Z" finished-at="2021-11-09T04:42:49Z">
      <class name="test.LoginTest">
        <test-method status="PASS" signature="ReportSteup()[pri:0, instance:test.LoginTest@4e718207]" name="ReportSteup" is-config="true" duration-ms="583" started-at="2021-11-09T04:42:38Z" finished-at="2021-11-09T04:42:38Z">
          <reporter-output>
          </reporter-output>
        </test-method> <!-- ReportSteup -->
        <test-method status="PASS" signature="setup()[pri:0, instance:test.LoginTest@4e718207]" name="setup" is-config="true" duration-ms="1601" started-at="2021-11-09T04:42:38Z" finished-at="2021-11-09T04:42:40Z">
          <reporter-output>
          </reporter-output>
        </test-method> <!-- setup -->
        <test-method status="PASS" signature="ExcelTest()[pri:0, instance:test.LoginTest@4e718207]" name="ExcelTest" duration-ms="1617" started-at="2021-11-09T04:42:40Z" finished-at="2021-11-09T04:42:42Z">
          <reporter-output>
          </reporter-output>
        </test-method> <!-- ExcelTest -->
        <test-method status="PASS" signature="teardown()[pri:0, instance:test.LoginTest@4e718207]" name="teardown" is-config="true" duration-ms="73" started-at="2021-11-09T04:42:42Z" finished-at="2021-11-09T04:42:42Z">
          <reporter-output>
          </reporter-output>
        </test-method> <!-- teardown -->
        <test-method status="PASS" signature="setup()[pri:0, instance:test.LoginTest@4e718207]" name="setup" is-config="true" duration-ms="1418" started-at="2021-11-09T04:42:42Z" finished-at="2021-11-09T04:42:43Z">
          <reporter-output>
          </reporter-output>
        </test-method> <!-- setup -->
        <test-method status="PASS" signature="NegativeLogin(java.lang.String, java.lang.String)[pri:0, instance:test.LoginTest@4e718207]" name="NegativeLogin" duration-ms="3074" started-at="2021-11-09T04:42:43Z" finished-at="2021-11-09T04:42:46Z">
          <params>
            <param index="0">
              <value>
                <![CDATA[devesh@gmail.com]]>
              </value>
            </param>
            <param index="1">
              <value>
                <![CDATA[@DEV123gh]]>
              </value>
            </param>
          </params>
          <reporter-output>
          </reporter-output>
        </test-method> <!-- NegativeLogin -->
        <test-method status="PASS" signature="teardown()[pri:0, instance:test.LoginTest@4e718207]" name="teardown" is-config="true" duration-ms="72" started-at="2021-11-09T04:42:46Z" finished-at="2021-11-09T04:42:46Z">
          <reporter-output>
          </reporter-output>
        </test-method> <!-- teardown -->
        <test-method status="PASS" signature="setup()[pri:0, instance:test.LoginTest@4e718207]" name="setup" is-config="true" duration-ms="1358" started-at="2021-11-09T04:42:46Z" finished-at="2021-11-09T04:42:48Z">
          <reporter-output>
          </reporter-output>
        </test-method> <!-- setup -->
        <test-method status="PASS" signature="PositiveLogin(java.lang.String, java.lang.String)[pri:0, instance:test.LoginTest@4e718207]" name="PositiveLogin" duration-ms="1506" started-at="2021-11-09T04:42:48Z" finished-at="2021-11-09T04:42:49Z">
          <params>
            <param index="0">
              <value>
                <![CDATA[devesh@gmail.com]]>
              </value>
            </param>
            <param index="1">
              <value>
                <![CDATA[@DEV123gh]]>
              </value>
            </param>
          </params>
          <reporter-output>
          </reporter-output>
        </test-method> <!-- PositiveLogin -->
        <test-method status="PASS" signature="teardown()[pri:0, instance:test.LoginTest@4e718207]" name="teardown" is-config="true" duration-ms="68" started-at="2021-11-09T04:42:49Z" finished-at="2021-11-09T04:42:49Z">
          <reporter-output>
          </reporter-output>
        </test-method> <!-- teardown -->
        <test-method status="PASS" signature="ReportTearDown()[pri:0, instance:test.LoginTest@4e718207]" name="ReportTearDown" is-config="true" duration-ms="254" started-at="2021-11-09T04:42:49Z" finished-at="2021-11-09T04:42:49Z">
          <reporter-output>
          </reporter-output>
        </test-method> <!-- ReportTearDown -->
      </class> <!-- test.LoginTest -->
    </test> <!-- Test -->
  </suite> <!-- Suite -->
</testng-results>
